<?xml version="1.0" encoding="UTF-8"?>
<!-- Generated by org.testng.reporters.JUnitReportReporter -->
<testsuite hostname="TYSS-Basavaraj-Awati" failures="0" tests="4" name="org.automation.testScripts.RegistrationTestCase" time="33.423" errors="0" timestamp="2024-02-07T15:06:50 IST" skipped="0">
  <testcase classname="org.automation.testScripts.RegistrationTestCase" name="registration" time="8.303">
    <system-out>
      <![CDATA[Registrarion page displayed
User is Registered to Demo web shop Successfully]]>
    </system-out>
  </testcase> <!-- registration -->
  <testcase classname="org.automation.testScripts.RegistrationTestCase" name="registration" time="7.983">
    <system-out>
      <![CDATA[Registrarion page displayed
User is Registered to Demo web shop Successfully]]>
    </system-out>
  </testcase> <!-- registration -->
  <testcase classname="org.automation.testScripts.RegistrationTestCase" name="registration" time="8.062">
    <system-out>
      <![CDATA[Registrarion page displayed
User is Registered to Demo web shop Successfully]]>
    </system-out>
  </testcase> <!-- registration -->
  <testcase classname="org.automation.testScripts.RegistrationTestCase" name="registration" time="9.075">
    <system-out>
      <![CDATA[Registrarion page displayed
User is Registered to Demo web shop Successfully]]>
    </system-out>
  </testcase> <!-- registration -->
  <system-out>
    <![CDATA[Books page displayed
Product added to wishlist
Product added successfully
Wishlist page is displayed
Product removed from wishlist
Digital downloads page is displayed
3rd Album is added to the cart successfully
All the products are removed from the cart successfully
Registrarion page displayed
User is Registered to Demo web shop Successfully
Registrarion page displayed
User is Registered to Demo web shop Successfully
Registrarion page displayed
User is Registered to Demo web shop Successfully
Registrarion page displayed
User is Registered to Demo web shop Successfully]]>
  </system-out>
</testsuite> <!-- org.automation.testScripts.RegistrationTestCase -->
