<?xml version="1.0" encoding="UTF-8"?>
<!-- Generated by org.testng.reporters.JUnitReportReporter -->
<testsuite hostname="TYSS-Basavaraj-Awati" failures="0" tests="1" name="org.automation.testScripts.AddToCartAndRemoveFromCart" time="18.478" errors="0" timestamp="2024-02-06T16:44:34 IST" skipped="0">
  <testcase classname="org.automation.testScripts.AddToCartAndRemoveFromCart" name="addToCartAndRemoveFromCart" time="18.478"/>
  <system-out>
    <![CDATA[Digital downloads page is displayed
3rd Album is added to the cart successfully
All the products are removed from the cart successfully]]>
  </system-out>
</testsuite> <!-- org.automation.testScripts.AddToCartAndRemoveFromCart -->
